[debug] [2024-09-26T15:16:07.671Z] ----------------------------------------------------------------------
[debug] [2024-09-26T15:16:07.673Z] Command:       C:\Program Files\nodejs\node.exe C:\Users\kevin\AppData\Roaming\npm\node_modules\firebase-tools\lib\bin\firebase.js init
[debug] [2024-09-26T15:16:07.674Z] CLI Version:   13.19.0
[debug] [2024-09-26T15:16:07.674Z] Platform:      win32
[debug] [2024-09-26T15:16:07.674Z] Node Version:  v18.12.1
[debug] [2024-09-26T15:16:07.675Z] Time:          Thu Sep 26 2024 18:16:07 GMT+0300 (Eastern European Summer Time)
[debug] [2024-09-26T15:16:07.676Z] ----------------------------------------------------------------------
[debug] 
[debug] [2024-09-26T15:16:07.685Z] > command requires scopes: ["email","openid","https://www.googleapis.com/auth/cloudplatformprojects.readonly","https://www.googleapis.com/auth/firebase","https://www.googleapis.com/auth/cloud-platform"]
[debug] [2024-09-26T15:16:07.686Z] > authorizing via signed-in user (kevinkafrouni1@gmail.com)
[info] 
     ######## #### ########  ######## ########     ###     ######  ########
     ##        ##  ##     ## ##       ##     ##  ##   ##  ##       ##
     ######    ##  ########  ######   ########  #########  ######  ######
     ##        ##  ##    ##  ##       ##     ## ##     ##       ## ##
     ##       #### ##     ## ######## ########  ##     ##  ######  ########

You're about to initialize a Firebase project in this directory:

  C:\Users\kevin\Desktop\countdown

[info] 
=== Project Setup
[info] 
[info] First, let's associate this project directory with a Firebase project.
[info] You can create multiple project aliases by running firebase use --add, 
[info] but for now we'll just set up a default project.
[info] 
[debug] [2024-09-26T15:16:20.864Z] > refreshing access token with scopes: []
[debug] [2024-09-26T15:16:20.868Z] >>> [apiv2][query] POST https://www.googleapis.com/oauth2/v3/token [none]
[debug] [2024-09-26T15:16:20.868Z] >>> [apiv2][body] POST https://www.googleapis.com/oauth2/v3/token [omitted]
[debug] [2024-09-26T15:16:21.439Z] <<< [apiv2][status] POST https://www.googleapis.com/oauth2/v3/token 400
[debug] [2024-09-26T15:16:21.440Z] <<< [apiv2][body] POST https://www.googleapis.com/oauth2/v3/token [omitted]
[debug] [2024-09-26T15:16:21.441Z] >>> [apiv2][query] GET https://firebase.googleapis.com/v1beta1/availableProjects pageSize=100
[debug] [2024-09-26T15:16:21.890Z] <<< [apiv2][status] GET https://firebase.googleapis.com/v1beta1/availableProjects 401
[debug] [2024-09-26T15:16:21.890Z] <<< [apiv2][body] GET https://firebase.googleapis.com/v1beta1/availableProjects [omitted]
[debug] [2024-09-26T15:16:21.891Z] HTTP Error: 401, Request had invalid authentication credentials. Expected OAuth 2 access token, login cookie or other valid authentication credential. See https://developers.google.com/identity/sign-in/web/devconsole-project.
[debug] [2024-09-26T15:16:22.414Z] FirebaseError: HTTP Error: 401, Request had invalid authentication credentials. Expected OAuth 2 access token, login cookie or other valid authentication credential. See https://developers.google.com/identity/sign-in/web/devconsole-project.
    at responseToError (C:\Users\kevin\AppData\Roaming\npm\node_modules\firebase-tools\lib\responseToError.js:49:12)
    at RetryOperation._fn (C:\Users\kevin\AppData\Roaming\npm\node_modules\firebase-tools\lib\apiv2.js:305:77)
    at process.processTicksAndRejections (node:internal/process/task_queues:95:5)
[error] 
[error] Error: Failed to list available Google Cloud Platform projects. See firebase-debug.log for more info.
